Arguments: 
  /Users/tatethurston/.nvm/versions/node/v12.16.1/bin/node /usr/local/Cellar/yarn/1.22.10/libexec/bin/yarn.js install

PATH: 
  /Users/tatethurston/.rbenv/shims:/Users/tatethurston/.nvm/versions/node/v12.16.1/bin:/usr/local/share/git-core/contrib/diff-highlight:/usr/local/opt/coreutils/libexec/gnubin:/Users/tatethurston/go/bin:/usr/local/sbin:/Users/tatethurston/.rbenv/bin:/usr/local/Cellar/node/8.0.0_1/bin:/usr/local:/usr/local/bin:/Users/tatethurston/dotfiles/bin:/usr/bin:/bin:/usr/sbin:/sbin:/usr/local/opt/fzf/bin

Yarn version: 
  1.22.10

Node version: 
  12.16.1

Platform: 
  darwin x64

Trace: 
  Error: https://registry.yarnpkg.com/service-worker-webpack-plugin: Not found
      at Request.params.callback [as _callback] (/usr/local/Cellar/yarn/1.22.10/libexec/lib/cli.js:66988:18)
      at Request.self.callback (/usr/local/Cellar/yarn/1.22.10/libexec/lib/cli.js:140749:22)
      at Request.emit (events.js:311:20)
      at Request.<anonymous> (/usr/local/Cellar/yarn/1.22.10/libexec/lib/cli.js:141721:10)
      at Request.emit (events.js:311:20)
      at IncomingMessage.<anonymous> (/usr/local/Cellar/yarn/1.22.10/libexec/lib/cli.js:141643:12)
      at Object.onceWrapper (events.js:417:28)
      at IncomingMessage.emit (events.js:323:22)
      at endReadableNT (_stream_readable.js:1204:12)
      at processTicksAndRejections (internal/process/task_queues.js:84:21)

npm manifest: 
  {
    "name": "react-example",
    "version": "1.0.0",
    "description": "",
    "main": "index.js",
    "scripts": {
      "test": "echo \"Error: no test specified\" && exit 1"
    },
    "author": "Tate Thurston <tatethurston@gmail.com>",
    "license": "ISC",
    "devDependencies": {
      "@types/react-dom": "^17.0.3",
      "ts-loader": "^9.0.0",
      "typescript": "^4.2.4",
      "webpack": "^5.34.0",
      "webpack-cli": "^4.6.0"
    },
    "dependencies": {
      "react": "^17.0.2",
      "react-dom": "^17.0.2",
      "service-worker-webpack-plugin": "^0.0.1"
    }
  }

yarn manifest: 
  No manifest

Lockfile: 
  No lockfile
